Using pre-set license
Built from '2020.2/release' branch; Version is '2020.2.1f1 (270dd8c3da1c) revision 2559448'; Using compiler version '192528614'; Build Type 'Release'
OS: 'Windows 10  (10.0.0) 64bit' Language: 'fr' Physical Memory: 16296 MB
BatchMode: 1, IsHumanControllingUs: 0, StartBugReporterOnCrash: 0, Is64bit: 1, IsPro: 0

 COMMAND LINE ARGUMENTS:
C:\Program Files\Unity\Hub\Editor\2020.2.1f1\Editor\Unity.exe
-adb2
-batchMode
-noUpm
-name
AssetImportWorker0
-projectPath
G:/DEV/working/Materialize-tweak/Materialize
-logFile
Logs/AssetImportWorker0.log
-srvPort
50350
Successfully changed project path to: G:/DEV/working/Materialize-tweak/Materialize
G:/DEV/working/Materialize-tweak/Materialize
Using Asset Import Pipeline V2.
Refreshing native plugins compatible for Editor in 32.23 ms, found 0 plugins.
Preloading 0 native plugins for Editor in 0.00 ms.
Initialize engine version: 2020.2.1f1 (270dd8c3da1c)
[Subsystems] Discovering subsystems at path C:/Program Files/Unity/Hub/Editor/2020.2.1f1/Editor/Data/Resources/UnitySubsystems
[Subsystems] Discovering subsystems at path G:/DEV/working/Materialize-tweak/Materialize/Assets
GfxDevice: creating device client; threaded=0
Direct3D:
    Version:  Direct3D 11.0 [level 11.1]
    Renderer: NVIDIA GeForce GTX 1080 Ti (ID=0x1b06)
    Vendor:   
    VRAM:     11127 MB
    Driver:   27.21.14.6079
Initialize mono
Mono path[0] = 'C:/Program Files/Unity/Hub/Editor/2020.2.1f1/Editor/Data/Managed'
Mono path[1] = 'C:/Program Files/Unity/Hub/Editor/2020.2.1f1/Editor/Data/MonoBleedingEdge/lib/mono/unityjit'
Mono config path = 'C:/Program Files/Unity/Hub/Editor/2020.2.1f1/Editor/Data/MonoBleedingEdge/etc'
Using monoOptions --debugger-agent=transport=dt_socket,embedding=1,server=y,suspend=n,address=127.0.0.1:56280
Begin MonoManager ReloadAssembly
Registering precompiled unity dll's ...
Register platform support module: C:/Program Files/Unity/Hub/Editor/2020.2.1f1/Editor/Data/PlaybackEngines/WindowsStandaloneSupport/UnityEditor.WindowsStandalone.Extensions.dll
Registered in 0.003904 seconds.
Native extension for WindowsStandalone target not found
Refreshing native plugins compatible for Editor in 26.11 ms, found 0 plugins.
Preloading 0 native plugins for Editor in 0.00 ms.
Invoked RoslynAnalysisRunner static constructor.
RoslynAnalysisRunner will not be running.
RoslynAnalysisRunner has terminated.
Mono: successfully reloaded assembly
- Completed reload, in  2.084 seconds
Platform modules already initialized, skipping
Registering precompiled user dll's ...
Registered in 0.012265 seconds.
Begin MonoManager ReloadAssembly
Native extension for WindowsStandalone target not found
Refreshing native plugins compatible for Editor in 0.37 ms, found 0 plugins.
Preloading 0 native plugins for Editor in 0.00 ms.
Invoked RoslynAnalysisRunner static constructor.
RoslynAnalysisRunner will not be running.
RoslynAnalysisRunner has terminated.
Mono: successfully reloaded assembly
- Completed reload, in  1.139 seconds
Platform modules already initialized, skipping
========================================================================
Worker process is ready to serve import requests
Launched and connected shader compiler UnityShaderCompiler.exe after 0.04 seconds
Refreshing native plugins compatible for Editor in 0.34 ms, found 0 plugins.
Preloading 0 native plugins for Editor in 0.00 ms.
Unloading 1400 Unused Serialized files (Serialized files now loaded: 0)
System memory in use before: 84.6 MB.
System memory in use after: 84.2 MB.

Unloading 22 unused Assets to reduce memory usage. Loaded Objects now: 1841.
Total: 2.071100 ms (FindLiveObjects: 0.150500 ms CreateObjectMapping: 0.057300 ms MarkObjects: 1.587000 ms  DeleteObjects: 0.275400 ms)

========================================================================
Received Import Request.
  path: Assets/Materials/AO_Preview.mat
  artifactKey: Guid(bdada9e324602714d9fb2b5ad75f45a3) Importer(815301076,1909f56bfc062723c751e8b465ee728b)
Start importing Assets/Materials/AO_Preview.mat using Guid(bdada9e324602714d9fb2b5ad75f45a3) Importer(815301076,1909f56bfc062723c751e8b465ee728b)  -> (artifact id: 'c12ca6b26c0600ed772a4b091d197967') in 0.127865 seconds
  Import took 0.130390 seconds .

========================================================================
Received Import Request.
  Time since last request: 0.000275 seconds.
  path: Assets/Materials/Test_Material.mat
  artifactKey: Guid(2a440b0f98471ad4a92e198a835a2060) Importer(815301076,1909f56bfc062723c751e8b465ee728b)
Start importing Assets/Materials/Test_Material.mat using Guid(2a440b0f98471ad4a92e198a835a2060) Importer(815301076,1909f56bfc062723c751e8b465ee728b)  -> (artifact id: 'a46506a970906e4f7a8dcbb8c829baf6') in 0.165264 seconds
  Import took 0.167570 seconds .

========================================================================
Received Import Request.
  Time since last request: 0.000226 seconds.
  path: Assets/Materials/DNMS_Physical.mat
  artifactKey: Guid(17f039260b223ff47b73cc1120125c8e) Importer(815301076,1909f56bfc062723c751e8b465ee728b)
Start importing Assets/Materials/DNMS_Physical.mat using Guid(17f039260b223ff47b73cc1120125c8e) Importer(815301076,1909f56bfc062723c751e8b465ee728b)  -> (artifact id: 'b51bced38d177c480f16217c99c448b7') in 0.497524 seconds
  Import took 0.499813 seconds .

========================================================================
Received Import Request.
  Time since last request: 0.000261 seconds.
  path: Assets/Materials/Smoothness_Preview.mat
  artifactKey: Guid(48a5da314272a9d4da4cfa82a779455f) Importer(815301076,1909f56bfc062723c751e8b465ee728b)
Start importing Assets/Materials/Smoothness_Preview.mat using Guid(48a5da314272a9d4da4cfa82a779455f) Importer(815301076,1909f56bfc062723c751e8b465ee728b)  -> (artifact id: 'e3e5c68576a838fb46c804f782c9bbcb') in 0.022631 seconds
  Import took 0.025046 seconds .

========================================================================
Received Import Request.
  Time since last request: 0.000202 seconds.
  path: Assets/Materials/Sample_Material.mat
  artifactKey: Guid(ef8eddbc2198be84e967c3c71bbae1d7) Importer(815301076,1909f56bfc062723c751e8b465ee728b)
Start importing Assets/Materials/Sample_Material.mat using Guid(ef8eddbc2198be84e967c3c71bbae1d7) Importer(815301076,1909f56bfc062723c751e8b465ee728b)  -> (artifact id: '449abffacdd2f7d3e7a10613b076251d') in 0.020091 seconds
  Import took 0.022823 seconds .

========================================================================
Received Import Request.
  Time since last request: 0.000205 seconds.
  path: Assets/Materials/Alignment_Material.mat
  artifactKey: Guid(7fd67f956e67fdd469729a1b1456e6d7) Importer(815301076,1909f56bfc062723c751e8b465ee728b)
Start importing Assets/Materials/Alignment_Material.mat using Guid(7fd67f956e67fdd469729a1b1456e6d7) Importer(815301076,1909f56bfc062723c751e8b465ee728b)  -> (artifact id: '712d1c497be5c18f4bb016cb08d5aa8e') in 0.025544 seconds
  Import took 0.028368 seconds .

========================================================================
Received Import Request.
  Time since last request: 0.000198 seconds.
  path: Assets/Materials
  artifactKey: Guid(33b1e74b9f8f70044a6ebfd5146c88cb) Importer(815301076,1909f56bfc062723c751e8b465ee728b)
Start importing Assets/Materials using Guid(33b1e74b9f8f70044a6ebfd5146c88cb) Importer(815301076,1909f56bfc062723c751e8b465ee728b)  -> (artifact id: '93b6a1c6638ff425a49487c577354613') in 0.010431 seconds
  Import took 0.013027 seconds .

========================================================================
Received Import Request.
  Time since last request: 0.000250 seconds.
  path: Assets/Materials/Full_Material_Copy.mat
  artifactKey: Guid(be2802f0d918fbd4cb38b8d81833adc6) Importer(815301076,1909f56bfc062723c751e8b465ee728b)
Start importing Assets/Materials/Full_Material_Copy.mat using Guid(be2802f0d918fbd4cb38b8d81833adc6) Importer(815301076,1909f56bfc062723c751e8b465ee728b)  -> (artifact id: '45c69caabb89fea24d36687c6b05206e') in 0.025852 seconds
  Import took 0.028424 seconds .

========================================================================
Received Import Request.
  Time since last request: 0.000241 seconds.
  path: Assets/Materials/Box_Material.mat
  artifactKey: Guid(ffe9ecfb55258104bbc0e90d9afedaa5) Importer(815301076,1909f56bfc062723c751e8b465ee728b)
Start importing Assets/Materials/Box_Material.mat using Guid(ffe9ecfb55258104bbc0e90d9afedaa5) Importer(815301076,1909f56bfc062723c751e8b465ee728b)  -> (artifact id: '5683522008e2026a9951067b8141417a') in 0.027933 seconds
  Import took 0.030472 seconds .

========================================================================
Received Import Request.
  Time since last request: 0.000206 seconds.
  path: Assets/Materials/Inverse_Cube_Probe.mat
  artifactKey: Guid(9cded146e1b6d3e4b8621b8f3ce19a6e) Importer(815301076,1909f56bfc062723c751e8b465ee728b)
Start importing Assets/Materials/Inverse_Cube_Probe.mat using Guid(9cded146e1b6d3e4b8621b8f3ce19a6e) Importer(815301076,1909f56bfc062723c751e8b465ee728b)  -> (artifact id: 'de76af03dd3652bc228fe39461cfe941') in 0.027559 seconds
  Import took 0.030044 seconds .

========================================================================
Received Import Request.
  Time since last request: 0.000233 seconds.
  path: Assets/Materials/Metallic_Preview.mat
  artifactKey: Guid(737272c68658cdf41aeb0a785065b699) Importer(815301076,1909f56bfc062723c751e8b465ee728b)
Start importing Assets/Materials/Metallic_Preview.mat using Guid(737272c68658cdf41aeb0a785065b699) Importer(815301076,1909f56bfc062723c751e8b465ee728b)  -> (artifact id: 'ea3ba94103f8921fd4e7421aa753375f') in 0.019189 seconds
  Import took 0.021553 seconds .

========================================================================
Received Import Request.
  Time since last request: 0.000224 seconds.
  path: Assets/Materials/Edit_Diffuse_Preview.mat
  artifactKey: Guid(d42564d39d01a574c96efd8fbb03f9ae) Importer(815301076,1909f56bfc062723c751e8b465ee728b)
Start importing Assets/Materials/Edit_Diffuse_Preview.mat using Guid(d42564d39d01a574c96efd8fbb03f9ae) Importer(815301076,1909f56bfc062723c751e8b465ee728b)  -> (artifact id: 'bceaad0731f5b0c5faa5b938b8e0b3fc') in 0.018755 seconds
  Import took 0.021085 seconds .

========================================================================
Received Import Request.
  Time since last request: 0.000221 seconds.
  path: Assets/Materials/LightDot.mat
  artifactKey: Guid(29613400d61c5c14897ac566aa377004) Importer(815301076,1909f56bfc062723c751e8b465ee728b)
Start importing Assets/Materials/LightDot.mat using Guid(29613400d61c5c14897ac566aa377004) Importer(815301076,1909f56bfc062723c751e8b465ee728b)  -> (artifact id: 'cf229175c884add804d5a7ee91a6a5d9') in 0.098150 seconds
  Import took 0.100448 seconds .

========================================================================
Received Import Request.
  Time since last request: 0.000257 seconds.
  path: Assets/Materials/Full_Material.mat
  artifactKey: Guid(85f53cbecf1be3b439a8c31604ce77af) Importer(815301076,1909f56bfc062723c751e8b465ee728b)
Start importing Assets/Materials/Full_Material.mat using Guid(85f53cbecf1be3b439a8c31604ce77af) Importer(815301076,1909f56bfc062723c751e8b465ee728b)  -> (artifact id: '922df5fb92402a96ea8b8846a39ce2e6') in 0.031055 seconds
  Import took 0.033491 seconds .

========================================================================
Received Import Request.
  Time since last request: 0.000232 seconds.
  path: Assets/Materials/Inverse_Cube.mat
  artifactKey: Guid(6a654de7900d5bb45a4034a388251c99) Importer(815301076,1909f56bfc062723c751e8b465ee728b)
Start importing Assets/Materials/Inverse_Cube.mat using Guid(6a654de7900d5bb45a4034a388251c99) Importer(815301076,1909f56bfc062723c751e8b465ee728b)  -> (artifact id: 'a9e9c18d5d0950de3f88e6edf2442543') in 0.025615 seconds
  Import took 0.027985 seconds .

========================================================================
Received Import Request.
  Time since last request: 0.000215 seconds.
  path: Assets/Materials/Rough_Spec_Preview.mat
  artifactKey: Guid(6316734739144cf4698b06c6d33ff46a) Importer(815301076,1909f56bfc062723c751e8b465ee728b)
Start importing Assets/Materials/Rough_Spec_Preview.mat using Guid(6316734739144cf4698b06c6d33ff46a) Importer(815301076,1909f56bfc062723c751e8b465ee728b)  -> (artifact id: '7ad941f3edd85ec8673b60f8a50853fd') in 0.025912 seconds
  Import took 0.028291 seconds .

========================================================================
Received Import Request.
  Time since last request: 0.000219 seconds.
  path: Assets/Materials/Normal_Preview.mat
  artifactKey: Guid(4678d9f7beec7d04e824e08435395770) Importer(815301076,1909f56bfc062723c751e8b465ee728b)
Start importing Assets/Materials/Normal_Preview.mat using Guid(4678d9f7beec7d04e824e08435395770) Importer(815301076,1909f56bfc062723c751e8b465ee728b)  -> (artifact id: 'b4ccb5291865d20e003f152b19336036') in 0.023235 seconds
  Import took 0.025680 seconds .

========================================================================
Received Import Request.
  Time since last request: 0.000197 seconds.
  path: Assets/Materials/Height_Preview.mat
  artifactKey: Guid(b737aed4cdca0074482a1475d22763a2) Importer(815301076,1909f56bfc062723c751e8b465ee728b)
Start importing Assets/Materials/Height_Preview.mat using Guid(b737aed4cdca0074482a1475d22763a2) Importer(815301076,1909f56bfc062723c751e8b465ee728b)  -> (artifact id: '78606491d8e2852bcf555fe53bd927bf') in 0.024084 seconds
  Import took 0.026462 seconds .

========================================================================
Received Import Request.
  Time since last request: 0.000217 seconds.
  path: Assets/Materials/Edge_Preview.mat
  artifactKey: Guid(1fbbab60e82170748b3416bffa1a9703) Importer(815301076,1909f56bfc062723c751e8b465ee728b)
Start importing Assets/Materials/Edge_Preview.mat using Guid(1fbbab60e82170748b3416bffa1a9703) Importer(815301076,1909f56bfc062723c751e8b465ee728b)  -> (artifact id: '16cea6eb3f1456abe0dd29b72ef1fd6d') in 0.019691 seconds
  Import took 0.022447 seconds .

========================================================================
Received Import Request.
  Time since last request: 0.000218 seconds.
  path: Assets/Materials/DNS_Physical.mat
  artifactKey: Guid(5d2297f66204a824abc16201e07f9fb6) Importer(815301076,1909f56bfc062723c751e8b465ee728b)
Start importing Assets/Materials/DNS_Physical.mat using Guid(5d2297f66204a824abc16201e07f9fb6) Importer(815301076,1909f56bfc062723c751e8b465ee728b)  -> (artifact id: 'bcbd21158b27efe750d4ec4e12e647da') in 0.022929 seconds
  Import took 0.025315 seconds .

========================================================================
Received Prepare
Registering precompiled user dll's ...
Registered in 0.012032 seconds.
Begin MonoManager ReloadAssembly
Native extension for WindowsStandalone target not found
Refreshing native plugins compatible for Editor in 0.36 ms, found 0 plugins.
Preloading 0 native plugins for Editor in 0.00 ms.
Invoked RoslynAnalysisRunner static constructor.
RoslynAnalysisRunner will not be running.
RoslynAnalysisRunner has terminated.
Mono: successfully reloaded assembly
- Completed reload, in  1.081 seconds
Platform modules already initialized, skipping
Refreshing native plugins compatible for Editor in 0.36 ms, found 0 plugins.
Preloading 0 native plugins for Editor in 0.00 ms.
Unloading 1342 Unused Serialized files (Serialized files now loaded: 0)
System memory in use before: 84.8 MB.
System memory in use after: 84.4 MB.

Unloading 17 unused Assets to reduce memory usage. Loaded Objects now: 1883.
Total: 2.099200 ms (FindLiveObjects: 0.198900 ms CreateObjectMapping: 0.067700 ms MarkObjects: 1.528300 ms  DeleteObjects: 0.303300 ms)

========================================================================
Received Prepare
Registering precompiled user dll's ...
Registered in 0.011866 seconds.
Begin MonoManager ReloadAssembly
Native extension for WindowsStandalone target not found
Refreshing native plugins compatible for Editor in 0.34 ms, found 0 plugins.
Preloading 0 native plugins for Editor in 0.00 ms.
Invoked RoslynAnalysisRunner static constructor.
RoslynAnalysisRunner will not be running.
RoslynAnalysisRunner has terminated.
Mono: successfully reloaded assembly
- Completed reload, in  1.094 seconds
Platform modules already initialized, skipping
Refreshing native plugins compatible for Editor in 0.46 ms, found 0 plugins.
Preloading 0 native plugins for Editor in 0.00 ms.
Unloading 1343 Unused Serialized files (Serialized files now loaded: 0)
System memory in use before: 84.8 MB.
System memory in use after: 84.4 MB.

Unloading 17 unused Assets to reduce memory usage. Loaded Objects now: 1886.
Total: 2.087400 ms (FindLiveObjects: 0.173900 ms CreateObjectMapping: 0.067100 ms MarkObjects: 1.531800 ms  DeleteObjects: 0.313400 ms)

========================================================================
Received Prepare
Registering precompiled user dll's ...
Registered in 0.014887 seconds.
Begin MonoManager ReloadAssembly
Native extension for WindowsStandalone target not found
Refreshing native plugins compatible for Editor in 0.36 ms, found 0 plugins.
Preloading 0 native plugins for Editor in 0.00 ms.
Invoked RoslynAnalysisRunner static constructor.
RoslynAnalysisRunner will not be running.
RoslynAnalysisRunner has terminated.
Mono: successfully reloaded assembly
- Completed reload, in  1.066 seconds
Platform modules already initialized, skipping
Refreshing native plugins compatible for Editor in 0.36 ms, found 0 plugins.
Preloading 0 native plugins for Editor in 0.00 ms.
Unloading 1343 Unused Serialized files (Serialized files now loaded: 0)
System memory in use before: 84.8 MB.
System memory in use after: 84.5 MB.

Unloading 17 unused Assets to reduce memory usage. Loaded Objects now: 1888.
Total: 2.073400 ms (FindLiveObjects: 0.166000 ms CreateObjectMapping: 0.070600 ms MarkObjects: 1.519500 ms  DeleteObjects: 0.316300 ms)

========================================================================
Received Prepare
Registering precompiled user dll's ...
Registered in 0.012189 seconds.
Begin MonoManager ReloadAssembly
Native extension for WindowsStandalone target not found
Refreshing native plugins compatible for Editor in 0.36 ms, found 0 plugins.
Preloading 0 native plugins for Editor in 0.00 ms.
Invoked RoslynAnalysisRunner static constructor.
RoslynAnalysisRunner will not be running.
RoslynAnalysisRunner has terminated.
Mono: successfully reloaded assembly
- Completed reload, in  1.066 seconds
Platform modules already initialized, skipping
Refreshing native plugins compatible for Editor in 0.35 ms, found 0 plugins.
Preloading 0 native plugins for Editor in 0.00 ms.
Unloading 1343 Unused Serialized files (Serialized files now loaded: 0)
System memory in use before: 84.8 MB.
System memory in use after: 84.5 MB.

Unloading 17 unused Assets to reduce memory usage. Loaded Objects now: 1890.
Total: 2.138400 ms (FindLiveObjects: 0.173000 ms CreateObjectMapping: 0.061100 ms MarkObjects: 1.594200 ms  DeleteObjects: 0.309100 ms)

========================================================================
Received Prepare
Refreshing native plugins compatible for Editor in 6.00 ms, found 0 plugins.
Preloading 0 native plugins for Editor in 0.00 ms.
Unloading 15 Unused Serialized files (Serialized files now loaded: 0)
System memory in use before: 58.7 MB.
System memory in use after: 58.3 MB.

Unloading 15 unused Assets to reduce memory usage. Loaded Objects now: 1890.
Total: 2.250200 ms (FindLiveObjects: 0.181200 ms CreateObjectMapping: 0.059800 ms MarkObjects: 1.675600 ms  DeleteObjects: 0.332300 ms)

========================================================================
Received Import Request.
  Time since last request: 3341.523202 seconds.
  path: Assets/Materials/Skybox.mat
  artifactKey: Guid(a17011b75fdc55044bc290568828643d) Importer(815301076,1909f56bfc062723c751e8b465ee728b)
Start importing Assets/Materials/Skybox.mat using Guid(a17011b75fdc55044bc290568828643d) Importer(815301076,1909f56bfc062723c751e8b465ee728b)  -> (artifact id: '06230c57c442402d408da6e9a4eddb55') in 0.090756 seconds
  Import took 0.093916 seconds .

========================================================================
Received Import Request.
  Time since last request: 0.916440 seconds.
  path: Assets/Materials/Skybox.mat
  artifactKey: Guid(a17011b75fdc55044bc290568828643d) Importer(815301076,1909f56bfc062723c751e8b465ee728b)
Start importing Assets/Materials/Skybox.mat using Guid(a17011b75fdc55044bc290568828643d) Importer(815301076,1909f56bfc062723c751e8b465ee728b)  -> (artifact id: '06230c57c442402d408da6e9a4eddb55') in 0.017462 seconds
  Import took 0.020356 seconds .

========================================================================
Received Prepare
Registering precompiled user dll's ...
Registered in 0.037970 seconds.
Begin MonoManager ReloadAssembly
Native extension for WindowsStandalone target not found
Refreshing native plugins compatible for Editor in 0.80 ms, found 0 plugins.
Preloading 0 native plugins for Editor in 0.00 ms.
Invoked RoslynAnalysisRunner static constructor.
RoslynAnalysisRunner will not be running.
RoslynAnalysisRunner has terminated.
Mono: successfully reloaded assembly
- Completed reload, in  2.495 seconds
Platform modules already initialized, skipping
Refreshing native plugins compatible for Editor in 0.62 ms, found 0 plugins.
Preloading 0 native plugins for Editor in 0.00 ms.
Unloading 1343 Unused Serialized files (Serialized files now loaded: 0)
System memory in use before: 85.0 MB.
System memory in use after: 84.6 MB.

Unloading 17 unused Assets to reduce memory usage. Loaded Objects now: 1893.
Total: 3.415500 ms (FindLiveObjects: 0.339300 ms CreateObjectMapping: 0.101700 ms MarkObjects: 2.427900 ms  DeleteObjects: 0.545100 ms)

========================================================================
Received Prepare
Refreshing native plugins compatible for Editor in 10.44 ms, found 0 plugins.
Preloading 0 native plugins for Editor in 0.00 ms.
Unloading 15 Unused Serialized files (Serialized files now loaded: 0)
System memory in use before: 58.9 MB.
System memory in use after: 58.5 MB.

Unloading 15 unused Assets to reduce memory usage. Loaded Objects now: 1893.
Total: 4.395800 ms (FindLiveObjects: 0.422500 ms CreateObjectMapping: 0.129500 ms MarkObjects: 3.105200 ms  DeleteObjects: 0.736700 ms)

========================================================================
Received Prepare
Refreshing native plugins compatible for Editor in 5.79 ms, found 0 plugins.
Preloading 0 native plugins for Editor in 0.00 ms.
Unloading 15 Unused Serialized files (Serialized files now loaded: 0)
System memory in use before: 58.9 MB.
System memory in use after: 58.5 MB.

Unloading 15 unused Assets to reduce memory usage. Loaded Objects now: 1893.
Total: 2.199800 ms (FindLiveObjects: 0.170500 ms CreateObjectMapping: 0.056600 ms MarkObjects: 1.611700 ms  DeleteObjects: 0.359500 ms)

========================================================================
Received Prepare
Registering precompiled user dll's ...
Registered in 0.011955 seconds.
Begin MonoManager ReloadAssembly
Native extension for WindowsStandalone target not found
Refreshing native plugins compatible for Editor in 0.35 ms, found 0 plugins.
Preloading 0 native plugins for Editor in 0.00 ms.
Invoked RoslynAnalysisRunner static constructor.
RoslynAnalysisRunner will not be running.
RoslynAnalysisRunner has terminated.
Mono: successfully reloaded assembly
- Completed reload, in  1.070 seconds
Platform modules already initialized, skipping
Refreshing native plugins compatible for Editor in 0.36 ms, found 0 plugins.
Preloading 0 native plugins for Editor in 0.00 ms.
Unloading 1343 Unused Serialized files (Serialized files now loaded: 0)
System memory in use before: 85.0 MB.
System memory in use after: 84.6 MB.

Unloading 17 unused Assets to reduce memory usage. Loaded Objects now: 1895.
Total: 2.059600 ms (FindLiveObjects: 0.163000 ms CreateObjectMapping: 0.056800 ms MarkObjects: 1.507900 ms  DeleteObjects: 0.330700 ms)

========================================================================
Received Prepare
Refreshing native plugins compatible for Editor in 5.87 ms, found 0 plugins.
Preloading 0 native plugins for Editor in 0.00 ms.
Unloading 15 Unused Serialized files (Serialized files now loaded: 0)
System memory in use before: 58.9 MB.
System memory in use after: 58.5 MB.

Unloading 15 unused Assets to reduce memory usage. Loaded Objects now: 1895.
Total: 2.341100 ms (FindLiveObjects: 0.245200 ms CreateObjectMapping: 0.083000 ms MarkObjects: 1.652300 ms  DeleteObjects: 0.359000 ms)

========================================================================
Received Prepare
Registering precompiled user dll's ...
Registered in 0.012477 seconds.
Begin MonoManager ReloadAssembly
Native extension for WindowsStandalone target not found
Refreshing native plugins compatible for Editor in 0.34 ms, found 0 plugins.
Preloading 0 native plugins for Editor in 0.00 ms.
Invoked RoslynAnalysisRunner static constructor.
RoslynAnalysisRunner will not be running.
RoslynAnalysisRunner has terminated.
Mono: successfully reloaded assembly
- Completed reload, in  1.090 seconds
Platform modules already initialized, skipping
Refreshing native plugins compatible for Editor in 0.36 ms, found 0 plugins.
Preloading 0 native plugins for Editor in 0.00 ms.
Unloading 1343 Unused Serialized files (Serialized files now loaded: 0)
System memory in use before: 85.0 MB.
System memory in use after: 84.7 MB.

Unloading 17 unused Assets to reduce memory usage. Loaded Objects now: 1897.
Total: 2.125500 ms (FindLiveObjects: 0.160400 ms CreateObjectMapping: 0.057600 ms MarkObjects: 1.575500 ms  DeleteObjects: 0.330800 ms)

========================================================================
Received Prepare
Registering precompiled user dll's ...
Registered in 0.012128 seconds.
Begin MonoManager ReloadAssembly
Native extension for WindowsStandalone target not found
Refreshing native plugins compatible for Editor in 0.36 ms, found 0 plugins.
Preloading 0 native plugins for Editor in 0.00 ms.
Invoked RoslynAnalysisRunner static constructor.
RoslynAnalysisRunner will not be running.
RoslynAnalysisRunner has terminated.
Mono: successfully reloaded assembly
- Completed reload, in  1.082 seconds
Platform modules already initialized, skipping
Refreshing native plugins compatible for Editor in 0.43 ms, found 0 plugins.
Preloading 0 native plugins for Editor in 0.00 ms.
Unloading 1343 Unused Serialized files (Serialized files now loaded: 0)
System memory in use before: 85.0 MB.
System memory in use after: 84.7 MB.

Unloading 17 unused Assets to reduce memory usage. Loaded Objects now: 1899.
Total: 2.054100 ms (FindLiveObjects: 0.160600 ms CreateObjectMapping: 0.056700 ms MarkObjects: 1.495700 ms  DeleteObjects: 0.340100 ms)

========================================================================
Received Prepare
Refreshing native plugins compatible for Editor in 5.84 ms, found 0 plugins.
Preloading 0 native plugins for Editor in 0.00 ms.
Unloading 15 Unused Serialized files (Serialized files now loaded: 0)
System memory in use before: 58.9 MB.
System memory in use after: 58.5 MB.

Unloading 15 unused Assets to reduce memory usage. Loaded Objects now: 1899.
Total: 2.160300 ms (FindLiveObjects: 0.163700 ms CreateObjectMapping: 0.057000 ms MarkObjects: 1.589900 ms  DeleteObjects: 0.348600 ms)

========================================================================
Received Prepare
Registering precompiled user dll's ...
Registered in 0.011924 seconds.
Begin MonoManager ReloadAssembly
Native extension for WindowsStandalone target not found
Refreshing native plugins compatible for Editor in 0.37 ms, found 0 plugins.
Preloading 0 native plugins for Editor in 0.00 ms.
Invoked RoslynAnalysisRunner static constructor.
RoslynAnalysisRunner will not be running.
RoslynAnalysisRunner has terminated.
Mono: successfully reloaded assembly
- Completed reload, in  1.065 seconds
Platform modules already initialized, skipping
Refreshing native plugins compatible for Editor in 0.37 ms, found 0 plugins.
Preloading 0 native plugins for Editor in 0.00 ms.
Unloading 1343 Unused Serialized files (Serialized files now loaded: 0)
System memory in use before: 85.0 MB.
System memory in use after: 84.7 MB.

Unloading 17 unused Assets to reduce memory usage. Loaded Objects now: 1901.
Total: 2.303600 ms (FindLiveObjects: 0.185500 ms CreateObjectMapping: 0.058400 ms MarkObjects: 1.655200 ms  DeleteObjects: 0.402600 ms)

========================================================================
Received Prepare
Refreshing native plugins compatible for Editor in 5.92 ms, found 0 plugins.
Preloading 0 native plugins for Editor in 0.00 ms.
Unloading 15 Unused Serialized files (Serialized files now loaded: 0)
System memory in use before: 58.9 MB.
System memory in use after: 58.5 MB.

Unloading 15 unused Assets to reduce memory usage. Loaded Objects now: 1901.
Total: 2.749200 ms (FindLiveObjects: 0.178200 ms CreateObjectMapping: 0.062200 ms MarkObjects: 2.022100 ms  DeleteObjects: 0.485600 ms)

========================================================================
Received Prepare
Registering precompiled user dll's ...
Registered in 0.012054 seconds.
Begin MonoManager ReloadAssembly
Native extension for WindowsStandalone target not found
Refreshing native plugins compatible for Editor in 0.36 ms, found 0 plugins.
Preloading 0 native plugins for Editor in 0.00 ms.
Invoked RoslynAnalysisRunner static constructor.
RoslynAnalysisRunner will not be running.
RoslynAnalysisRunner has terminated.
Mono: successfully reloaded assembly
- Completed reload, in  1.126 seconds
Platform modules already initialized, skipping
Refreshing native plugins compatible for Editor in 0.35 ms, found 0 plugins.
Preloading 0 native plugins for Editor in 0.00 ms.
Unloading 1343 Unused Serialized files (Serialized files now loaded: 0)
System memory in use before: 85.0 MB.
System memory in use after: 84.7 MB.

Unloading 17 unused Assets to reduce memory usage. Loaded Objects now: 1903.
Total: 2.234600 ms (FindLiveObjects: 0.179100 ms CreateObjectMapping: 0.056100 ms MarkObjects: 1.653800 ms  DeleteObjects: 0.344400 ms)

========================================================================
Received Prepare
Refreshing native plugins compatible for Editor in 5.77 ms, found 0 plugins.
Preloading 0 native plugins for Editor in 0.00 ms.
Unloading 15 Unused Serialized files (Serialized files now loaded: 0)
System memory in use before: 58.9 MB.
System memory in use after: 58.5 MB.

Unloading 15 unused Assets to reduce memory usage. Loaded Objects now: 1903.
Total: 2.454500 ms (FindLiveObjects: 0.272300 ms CreateObjectMapping: 0.079400 ms MarkObjects: 1.761000 ms  DeleteObjects: 0.340700 ms)

AssetImportWorkerClient::OnTransportError - code=2 error=End of file
